<?xml version="1.0" encoding="UTF-8"?>
<testng-results ignored="0" total="2" passed="2" failed="0" skipped="0">
  <reporter-output>
  </reporter-output>
  <suite started-at="2021-02-15T11:10:03 EET" name="Suite" finished-at="2021-02-15T11:10:23 EET" duration-ms="19762">
    <groups>
    </groups>
    <test started-at="2021-02-15T11:10:03 EET" name="No-package" finished-at="2021-02-15T11:10:23 EET" duration-ms="19762">
      <class name="JiraCheck">
        <test-method signature="jiraIssueFullOk(java.lang.String, java.lang.String, java.lang.String, java.lang.String, java.util.Collection, java.lang.String)[pri:0, instance:JiraCheck@665e9289]" started-at="2021-02-15T11:10:03 EET" name="jiraIssueFullOk" data-provider="data-provider" finished-at="2021-02-15T11:10:14 EET" duration-ms="10760" status="PASS">
          <params>
            <param index="0">
              <value>
                <![CDATA[AQ]]>
              </value>
            </param>
            <param index="1">
              <value>
                <![CDATA[Ошибка]]>
              </value>
            </param>
            <param index="2">
              <value>
                <![CDATA[Medium]]>
              </value>
            </param>
            <param index="3">
              <value>
                <![CDATA[Test jiraIssueFullOk]]>
              </value>
            </param>
            <param index="4">
              <value>
                <![CDATA[[AQA, Lapin, anylabel]]]>
              </value>
            </param>
            <param index="5">
              <value>
                <![CDATA[STR:
 2. Test2
 3. Test3]]>
              </value>
            </param>
          </params>
          <reporter-output>
          </reporter-output>
        </test-method> <!-- jiraIssueFullOk -->
        <test-method signature="jiraIssueOnError(java.lang.String, java.lang.String)[pri:0, instance:JiraCheck@665e9289]" started-at="2021-02-15T11:10:14 EET" name="jiraIssueOnError" data-provider="data-provider" finished-at="2021-02-15T11:10:14 EET" duration-ms="605" status="PASS">
          <params>
            <param index="0">
              <value>
                <![CDATA[AQ]]>
              </value>
            </param>
            <param index="1">
              <value>
                <![CDATA[Story]]>
              </value>
            </param>
          </params>
          <reporter-output>
          </reporter-output>
        </test-method> <!-- jiraIssueOnError -->
        <test-method is-config="true" signature="finish()[pri:0, instance:JiraCheck@665e9289]" started-at="2021-02-15T11:10:14 EET" name="finish" finished-at="2021-02-15T11:10:23 EET" duration-ms="8359" status="PASS">
          <reporter-output>
          </reporter-output>
        </test-method> <!-- finish -->
      </class> <!-- JiraCheck -->
    </test> <!-- No-package -->
  </suite> <!-- Suite -->
</testng-results>
